# JRE version: OpenJDK Runtime Environment (10.0.1+10) (build 10.0.1+10-Ubuntu-3ubuntu1)
# Java VM: OpenJDK 64-Bit Server VM (10.0.1+10-Ubuntu-3ubuntu1, mixed mode, tiered, compressed oops, g1 gc, linux-amd64)
Heap:
 garbage-first heap   total 4468736K, used 68961K [0x0000000082000000, 0x0000000800000000)
  region size 4096K, 1 young (4096K), 1 survivors (4096K)
 Metaspace       used 7950K, capacity 8168K, committed 8192K, reserved 1056768K
  class space    used 674K, capacity 768K, committed 768K, reserved 1048576K
GC Heap History (10 events):
Event: 0.707 GC heap after
{Heap after GC invocations=1 (full 0):
 garbage-first heap   total 2064384K, used 68286K [0x0000000082000000, 0x0000000800000000)
  region size 4096K, 4 young (16384K), 4 survivors (16384K)
 Metaspace       used 6979K, capacity 7146K, committed 7424K, reserved 1056768K
  class space    used 606K, capacity 686K, committed 768K, reserved 1048576K
}
Event: 1.018 GC heap before
{Heap before GC invocations=1 (full 0):
 garbage-first heap   total 2064384K, used 154302K [0x0000000082000000, 0x0000000800000000)
  region size 4096K, 25 young (102400K), 4 survivors (16384K)
 Metaspace       used 7010K, capacity 7210K, committed 7424K, reserved 1056768K
  class space    used 606K, capacity 686K, committed 768K, reserved 1048576K
}
Event: 1.061 GC heap after
{Heap after GC invocations=2 (full 0):
 garbage-first heap   total 2064384K, used 69157K [0x0000000082000000, 0x0000000800000000)
  region size 4096K, 1 young (4096K), 1 survivors (4096K)
 Metaspace       used 7010K, capacity 7210K, committed 7424K, reserved 1056768K
  class space    used 606K, capacity 686K, committed 768K, reserved 1048576K
}
Event: 1.264 GC heap before
{Heap before GC invocations=2 (full 0):
 garbage-first heap   total 2064384K, used 167461K [0x0000000082000000, 0x0000000800000000)
  region size 4096K, 25 young (102400K), 1 survivors (4096K)
 Metaspace       used 7011K, capacity 7210K, committed 7424K, reserved 1056768K
  class space    used 606K, capacity 686K, committed 768K, reserved 1048576K
}
Event: 1.267 GC heap after
{Heap after GC invocations=3 (full 0):
 garbage-first heap   total 2064384K, used 68905K [0x0000000082000000, 0x0000000800000000)
  region size 4096K, 1 young (4096K), 1 survivors (4096K)
 Metaspace       used 7011K, capacity 7210K, committed 7424K, reserved 1056768K
  class space    used 606K, capacity 686K, committed 768K, reserved 1048576K
}
Event: 1.421 GC heap before
{Heap before GC invocations=3 (full 0):
 garbage-first heap   total 2064384K, used 167209K [0x0000000082000000, 0x0000000800000000)
  region size 4096K, 25 young (102400K), 1 survivors (4096K)
 Metaspace       used 7011K, capacity 7210K, committed 7424K, reserved 1056768K
  class space    used 606K, capacity 686K, committed 768K, reserved 1048576K
}
Event: 1.426 GC heap after
{Heap after GC invocations=4 (full 0):
 garbage-first heap   total 2064384K, used 68786K [0x0000000082000000, 0x0000000800000000)
  region size 4096K, 1 young (4096K), 1 survivors (4096K)
 Metaspace       used 7011K, capacity 7210K, committed 7424K, reserved 1056768K
  class space    used 606K, capacity 686K, committed 768K, reserved 1048576K
}
Event: 1.694 GC heap before
{Heap before GC invocations=4 (full 0):
 garbage-first heap   total 2064384K, used 175282K [0x0000000082000000, 0x0000000800000000)
  region size 4096K, 27 young (110592K), 1 survivors (4096K)
 Metaspace       used 7011K, capacity 7210K, committed 7424K, reserved 1056768K
  class space    used 606K, capacity 686K, committed 768K, reserved 1048576K
}
Event: 1.697 GC heap after
{Heap after GC invocations=5 (full 0):
 garbage-first heap   total 2064384K, used 68810K [0x0000000082000000, 0x0000000800000000)
  region size 4096K, 1 young (4096K), 1 survivors (4096K)
 Metaspace       used 7011K, capacity 7210K, committed 7424K, reserved 1056768K
  class space    used 606K, capacity 686K, committed 768K, reserved 1048576K
}
Event: 6.399 GC heap before
{Heap before GC invocations=5 (full 0):
 garbage-first heap   total 2064384K, used 1301706K [0x0000000082000000, 0x0000000800000000)
  region size 4096K, 302 young (1236992K), 1 survivors (4096K)
 Metaspace       used 7950K, capacity 8168K, committed 8192K, reserved 1056768K
  class space    used 674K, capacity 768K, committed 768K, reserved 1048576K
}

